{"C:\\Users\\C73309\\Documents\\Flixter\\src\\App.vue": {"path":"C:\\Users\\C73309\\Documents\\Flixter\\src\\App.vue","statementMap":{"0":{"start":{"line":11,"column":0},"end":{"line":11,"column":null}},"1":{"start":{"line":12,"column":0},"end":{"line":12,"column":null}},"2":{"start":{"line":13,"column":0},"end":{"line":13,"column":null}},"3":{"start":{"line":14,"column":0},"end":{"line":14,"column":null}}},"fnMap":{},"branchMap":{},"s":{"0":0,"1":0,"2":0,"3":0},"f":{},"b":{}}
,"C:\\Users\\C73309\\Documents\\Flixter\\src\\main.js": {"path":"C:\\Users\\C73309\\Documents\\Flixter\\src\\main.js","statementMap":{"0":{"start":{"line":9,"column":0},"end":{"line":9,"column":33}},"1":{"start":{"line":11,"column":0},"end":{"line":15,"column":18}},"2":{"start":{"line":14,"column":17},"end":{"line":14,"column":23}}},"fnMap":{"0":{"name":"(anonymous_0)","decl":{"start":{"line":14,"column":10},"end":{"line":14,"column":11}},"loc":{"start":{"line":14,"column":17},"end":{"line":14,"column":23}},"line":14}},"branchMap":{},"s":{"0":0,"1":0,"2":0},"f":{"0":0},"b":{},"hash":"f08da94628ee7b4dcadf8a10c38a9367666a500e"}
,"C:\\Users\\C73309\\Documents\\Flixter\\src\\components\\Card.vue": {"path":"C:\\Users\\C73309\\Documents\\Flixter\\src\\components\\Card.vue","statementMap":{"0":{"start":{"line":19,"column":0},"end":{"line":19,"column":null}}},"fnMap":{},"branchMap":{},"s":{"0":1},"f":{},"b":{}}
,"C:\\Users\\C73309\\Documents\\Flixter\\src\\components\\Header.vue": {"path":"C:\\Users\\C73309\\Documents\\Flixter\\src\\components\\Header.vue","statementMap":{"0":{"start":{"line":16,"column":0},"end":{"line":16,"column":null}}},"fnMap":{},"branchMap":{},"s":{"0":0},"f":{},"b":{}}
,"C:\\Users\\C73309\\Documents\\Flixter\\src\\components\\SearchOverlay.vue": {"path":"C:\\Users\\C73309\\Documents\\Flixter\\src\\components\\SearchOverlay.vue","statementMap":{"0":{"start":{"line":40,"column":0},"end":{"line":40,"column":null}},"1":{"start":{"line":41,"column":0},"end":{"line":41,"column":null}},"2":{"start":{"line":49,"column":0},"end":{"line":49,"column":null}},"3":{"start":{"line":66,"column":0},"end":{"line":66,"column":null}},"4":{"start":{"line":67,"column":0},"end":{"line":67,"column":null}}},"fnMap":{"0":{"name":"(anonymous_1)","decl":{"start":{"line":48,"column":0},"end":{"line":48,"column":null}},"loc":{"start":{"line":48,"column":0},"end":{"line":53,"column":null}}},"1":{"name":"(anonymous_2)","decl":{"start":{"line":65,"column":0},"end":{"line":65,"column":null}},"loc":{"start":{"line":65,"column":0},"end":{"line":68,"column":null}}}},"branchMap":{},"s":{"0":0,"1":0,"2":0,"3":0,"4":0},"f":{"0":0,"1":0},"b":{}}
,"C:\\Users\\C73309\\Documents\\Flixter\\src\\plugins\\bootstrap-vue.js": {"path":"C:\\Users\\C73309\\Documents\\Flixter\\src\\plugins\\bootstrap-vue.js","statementMap":{"0":{"start":{"line":7,"column":0},"end":{"line":7,"column":22}}},"fnMap":{},"branchMap":{},"s":{"0":0},"f":{},"b":{},"hash":"d7fb5884cebf4b7b80b87d64c6def6af51d8a8fe"}
,"C:\\Users\\C73309\\Documents\\Flixter\\src\\router\\index.js": {"path":"C:\\Users\\C73309\\Documents\\Flixter\\src\\router\\index.js","statementMap":{"0":{"start":{"line":5,"column":0},"end":{"line":5,"column":19}},"1":{"start":{"line":7,"column":15},"end":{"line":23,"column":1}},"2":{"start":{"line":16,"column":21},"end":{"line":16,"column":93}},"3":{"start":{"line":18,"column":20},"end":{"line":18,"column":39}},"4":{"start":{"line":19,"column":6},"end":{"line":19,"column":27}},"5":{"start":{"line":20,"column":6},"end":{"line":20,"column":19}},"6":{"start":{"line":25,"column":15},"end":{"line":29,"column":2}}},"fnMap":{"0":{"name":"(anonymous_0)","decl":{"start":{"line":16,"column":15},"end":{"line":16,"column":16}},"loc":{"start":{"line":16,"column":21},"end":{"line":16,"column":93}},"line":16},"1":{"name":"(anonymous_1)","decl":{"start":{"line":17,"column":4},"end":{"line":17,"column":5}},"loc":{"start":{"line":17,"column":17},"end":{"line":21,"column":5}},"line":17}},"branchMap":{},"s":{"0":0,"1":0,"2":0,"3":0,"4":0,"5":0,"6":0},"f":{"0":0,"1":0},"b":{},"hash":"8223331b3dbbcfee21749ebd04f1c1a9b61c1fd4"}
,"C:\\Users\\C73309\\Documents\\Flixter\\src\\services\\index.js": {"path":"C:\\Users\\C73309\\Documents\\Flixter\\src\\services\\index.js","statementMap":{"0":{"start":{"line":3,"column":16},"end":{"line":3,"column":39}},"1":{"start":{"line":9,"column":2},"end":{"line":15,"column":7}},"2":{"start":{"line":11,"column":6},"end":{"line":11,"column":28}},"3":{"start":{"line":14,"column":6},"end":{"line":14,"column":50}},"4":{"start":{"line":16,"column":2},"end":{"line":16,"column":15}},"5":{"start":{"line":21,"column":2},"end":{"line":27,"column":7}},"6":{"start":{"line":23,"column":6},"end":{"line":23,"column":27}},"7":{"start":{"line":26,"column":6},"end":{"line":26,"column":50}},"8":{"start":{"line":28,"column":2},"end":{"line":28,"column":14}},"9":{"start":{"line":33,"column":2},"end":{"line":39,"column":7}},"10":{"start":{"line":35,"column":6},"end":{"line":35,"column":28}},"11":{"start":{"line":38,"column":6},"end":{"line":38,"column":50}},"12":{"start":{"line":40,"column":2},"end":{"line":40,"column":15}}},"fnMap":{"0":{"name":"getAllShows","decl":{"start":{"line":7,"column":15},"end":{"line":7,"column":26}},"loc":{"start":{"line":7,"column":29},"end":{"line":17,"column":1}},"line":7},"1":{"name":"(anonymous_1)","decl":{"start":{"line":10,"column":10},"end":{"line":10,"column":11}},"loc":{"start":{"line":10,"column":24},"end":{"line":12,"column":5}},"line":10},"2":{"name":"(anonymous_2)","decl":{"start":{"line":13,"column":11},"end":{"line":13,"column":12}},"loc":{"start":{"line":13,"column":22},"end":{"line":15,"column":5}},"line":13},"3":{"name":"getSingleShow","decl":{"start":{"line":19,"column":15},"end":{"line":19,"column":28}},"loc":{"start":{"line":19,"column":33},"end":{"line":29,"column":1}},"line":19},"4":{"name":"(anonymous_4)","decl":{"start":{"line":22,"column":10},"end":{"line":22,"column":11}},"loc":{"start":{"line":22,"column":24},"end":{"line":24,"column":5}},"line":22},"5":{"name":"(anonymous_5)","decl":{"start":{"line":25,"column":11},"end":{"line":25,"column":12}},"loc":{"start":{"line":25,"column":22},"end":{"line":27,"column":5}},"line":25},"6":{"name":"getSearchedQuery","decl":{"start":{"line":31,"column":15},"end":{"line":31,"column":31}},"loc":{"start":{"line":31,"column":45},"end":{"line":41,"column":1}},"line":31},"7":{"name":"(anonymous_7)","decl":{"start":{"line":34,"column":10},"end":{"line":34,"column":11}},"loc":{"start":{"line":34,"column":24},"end":{"line":36,"column":5}},"line":34},"8":{"name":"(anonymous_8)","decl":{"start":{"line":37,"column":11},"end":{"line":37,"column":12}},"loc":{"start":{"line":37,"column":22},"end":{"line":39,"column":5}},"line":37}},"branchMap":{},"s":{"0":2,"1":1,"2":1,"3":0,"4":1,"5":0,"6":0,"7":0,"8":0,"9":0,"10":0,"11":0,"12":0},"f":{"0":1,"1":1,"2":0,"3":0,"4":0,"5":0,"6":0,"7":0,"8":0},"b":{},"_coverageSchema":"43e27e138ebf9cfc5966b082cf9a028302ed4184","hash":"01b9d1a470768f7e9ac8affededfa9b6ba3bcc8a"}
,"C:\\Users\\C73309\\Documents\\Flixter\\src\\store\\index.js": {"path":"C:\\Users\\C73309\\Documents\\Flixter\\src\\store\\index.js","statementMap":{"0":{"start":{"line":5,"column":0},"end":{"line":5,"column":14}},"1":{"start":{"line":7,"column":26},"end":{"line":13,"column":1}},"2":{"start":{"line":15,"column":23},"end":{"line":21,"column":1}},"3":{"start":{"line":16,"column":23},"end":{"line":16,"column":34}},"4":{"start":{"line":17,"column":24},"end":{"line":17,"column":36}},"5":{"start":{"line":18,"column":32},"end":{"line":18,"column":42}},"6":{"start":{"line":19,"column":31},"end":{"line":19,"column":50}},"7":{"start":{"line":20,"column":31},"end":{"line":20,"column":50}},"8":{"start":{"line":23,"column":25},"end":{"line":39,"column":1}},"9":{"start":{"line":25,"column":4},"end":{"line":25,"column":23}},"10":{"start":{"line":28,"column":4},"end":{"line":28,"column":24}},"11":{"start":{"line":31,"column":4},"end":{"line":31,"column":22}},"12":{"start":{"line":34,"column":4},"end":{"line":34,"column":31}},"13":{"start":{"line":37,"column":4},"end":{"line":37,"column":31}},"14":{"start":{"line":41,"column":23},"end":{"line":67,"column":1}},"15":{"start":{"line":43,"column":17},"end":{"line":43,"column":50}},"16":{"start":{"line":44,"column":4},"end":{"line":45,"column":69}},"17":{"start":{"line":45,"column":6},"end":{"line":45,"column":66}},"18":{"start":{"line":46,"column":4},"end":{"line":46,"column":30}},"19":{"start":{"line":49,"column":22},"end":{"line":49,"column":24}},"20":{"start":{"line":50,"column":4},"end":{"line":52,"column":7}},"21":{"start":{"line":51,"column":6},"end":{"line":51,"column":55}},"22":{"start":{"line":53,"column":17},"end":{"line":53,"column":91}},"23":{"start":{"line":53,"column":54},"end":{"line":53,"column":89}},"24":{"start":{"line":54,"column":4},"end":{"line":54,"column":31}},"25":{"start":{"line":57,"column":17},"end":{"line":57,"column":58}},"26":{"start":{"line":58,"column":4},"end":{"line":58,"column":29}},"27":{"start":{"line":61,"column":4},"end":{"line":61,"column":41}},"28":{"start":{"line":64,"column":17},"end":{"line":64,"column":66}},"29":{"start":{"line":65,"column":4},"end":{"line":65,"column":38}}},"fnMap":{"0":{"name":"(anonymous_0)","decl":{"start":{"line":16,"column":12},"end":{"line":16,"column":13}},"loc":{"start":{"line":16,"column":23},"end":{"line":16,"column":34}},"line":16},"1":{"name":"(anonymous_1)","decl":{"start":{"line":17,"column":13},"end":{"line":17,"column":14}},"loc":{"start":{"line":17,"column":24},"end":{"line":17,"column":36}},"line":17},"2":{"name":"(anonymous_2)","decl":{"start":{"line":18,"column":21},"end":{"line":18,"column":22}},"loc":{"start":{"line":18,"column":32},"end":{"line":18,"column":42}},"line":18},"3":{"name":"(anonymous_3)","decl":{"start":{"line":19,"column":20},"end":{"line":19,"column":21}},"loc":{"start":{"line":19,"column":31},"end":{"line":19,"column":50}},"line":19},"4":{"name":"(anonymous_4)","decl":{"start":{"line":20,"column":20},"end":{"line":20,"column":21}},"loc":{"start":{"line":20,"column":31},"end":{"line":20,"column":50}},"line":20},"5":{"name":"(anonymous_5)","decl":{"start":{"line":24,"column":2},"end":{"line":24,"column":3}},"loc":{"start":{"line":24,"column":25},"end":{"line":26,"column":3}},"line":24},"6":{"name":"(anonymous_6)","decl":{"start":{"line":27,"column":2},"end":{"line":27,"column":3}},"loc":{"start":{"line":27,"column":26},"end":{"line":29,"column":3}},"line":27},"7":{"name":"(anonymous_7)","decl":{"start":{"line":30,"column":2},"end":{"line":30,"column":3}},"loc":{"start":{"line":30,"column":24},"end":{"line":32,"column":3}},"line":30},"8":{"name":"(anonymous_8)","decl":{"start":{"line":33,"column":2},"end":{"line":33,"column":3}},"loc":{"start":{"line":33,"column":33},"end":{"line":35,"column":3}},"line":33},"9":{"name":"(anonymous_9)","decl":{"start":{"line":36,"column":2},"end":{"line":36,"column":3}},"loc":{"start":{"line":36,"column":33},"end":{"line":38,"column":3}},"line":36},"10":{"name":"(anonymous_10)","decl":{"start":{"line":42,"column":2},"end":{"line":42,"column":3}},"loc":{"start":{"line":42,"column":29},"end":{"line":47,"column":3}},"line":42},"11":{"name":"(anonymous_11)","decl":{"start":{"line":44,"column":14},"end":{"line":44,"column":15}},"loc":{"start":{"line":45,"column":6},"end":{"line":45,"column":66}},"line":45},"12":{"name":"(anonymous_12)","decl":{"start":{"line":48,"column":2},"end":{"line":48,"column":3}},"loc":{"start":{"line":48,"column":30},"end":{"line":55,"column":3}},"line":48},"13":{"name":"(anonymous_13)","decl":{"start":{"line":50,"column":29},"end":{"line":50,"column":30}},"loc":{"start":{"line":50,"column":42},"end":{"line":52,"column":5}},"line":50},"14":{"name":"(anonymous_14)","decl":{"start":{"line":53,"column":36},"end":{"line":53,"column":37}},"loc":{"start":{"line":53,"column":54},"end":{"line":53,"column":89}},"line":53},"15":{"name":"(anonymous_15)","decl":{"start":{"line":56,"column":2},"end":{"line":56,"column":3}},"loc":{"start":{"line":56,"column":40},"end":{"line":59,"column":3}},"line":56},"16":{"name":"(anonymous_16)","decl":{"start":{"line":60,"column":2},"end":{"line":60,"column":3}},"loc":{"start":{"line":60,"column":46},"end":{"line":62,"column":3}},"line":60},"17":{"name":"(anonymous_17)","decl":{"start":{"line":63,"column":2},"end":{"line":63,"column":3}},"loc":{"start":{"line":63,"column":50},"end":{"line":66,"column":3}},"line":63}},"branchMap":{"0":{"loc":{"start":{"line":45,"column":6},"end":{"line":45,"column":66}},"type":"cond-expr","locations":[{"start":{"line":45,"column":60},"end":{"line":45,"column":61}},{"start":{"line":45,"column":64},"end":{"line":45,"column":66}}],"line":45}},"s":{"0":1,"1":1,"2":1,"3":1,"4":1,"5":1,"6":1,"7":1,"8":1,"9":0,"10":0,"11":0,"12":0,"13":0,"14":1,"15":1,"16":1,"17":4,"18":1,"19":0,"20":0,"21":0,"22":0,"23":0,"24":0,"25":1,"26":1,"27":1,"28":1,"29":1},"f":{"0":1,"1":1,"2":1,"3":1,"4":1,"5":0,"6":0,"7":0,"8":0,"9":0,"10":1,"11":4,"12":0,"13":0,"14":0,"15":1,"16":1,"17":1},"b":{"0":[2,2]},"_coverageSchema":"43e27e138ebf9cfc5966b082cf9a028302ed4184","hash":"07bb0b3646095b9d46760dc8fe1183fbcb041d7b"}
,"C:\\Users\\C73309\\Documents\\Flixter\\src\\views\\Home.vue": {"path":"C:\\Users\\C73309\\Documents\\Flixter\\src\\views\\Home.vue","statementMap":{"0":{"start":{"line":21,"column":0},"end":{"line":21,"column":null}},"1":{"start":{"line":22,"column":0},"end":{"line":22,"column":null}},"2":{"start":{"line":30,"column":0},"end":{"line":30,"column":null}},"3":{"start":{"line":31,"column":0},"end":{"line":31,"column":null}},"4":{"start":{"line":45,"column":0},"end":{"line":45,"column":null}},"5":{"start":{"line":47,"column":0},"end":{"line":47,"column":null}}},"fnMap":{"0":{"name":"(anonymous_1)","decl":{"start":{"line":29,"column":0},"end":{"line":29,"column":null}},"loc":{"start":{"line":29,"column":0},"end":{"line":32,"column":null}}},"1":{"name":"(anonymous_2)","decl":{"start":{"line":44,"column":0},"end":{"line":44,"column":null}},"loc":{"start":{"line":44,"column":0},"end":{"line":48,"column":null}}},"2":{"name":"(anonymous_3)","decl":{"start":{"line":45,"column":0},"end":{"line":45,"column":null}},"loc":{"start":{"line":45,"column":0},"end":{"line":45,"column":null}}}},"branchMap":{},"s":{"0":1,"1":1,"2":1,"3":1,"4":13,"5":1},"f":{"0":1,"1":1,"2":12},"b":{}}
,"C:\\Users\\C73309\\Documents\\Flixter\\src\\views\\ShowDetails.vue": {"path":"C:\\Users\\C73309\\Documents\\Flixter\\src\\views\\ShowDetails.vue","statementMap":{"0":{"start":{"line":31,"column":0},"end":{"line":31,"column":null}},"1":{"start":{"line":40,"column":0},"end":{"line":40,"column":null}}},"fnMap":{"0":{"name":"(anonymous_1)","decl":{"start":{"line":39,"column":0},"end":{"line":39,"column":null}},"loc":{"start":{"line":39,"column":0},"end":{"line":41,"column":null}}}},"branchMap":{},"s":{"0":1,"1":1},"f":{"0":1},"b":{}}
}
