TN:
SF:C:\Users\C73309\Documents\Flixter\src\App.vue
FNF:0
FNH:0
DA:11,0
DA:12,0
DA:13,0
DA:14,0
LF:4
LH:0
BRF:0
BRH:0
end_of_record
TN:
SF:C:\Users\C73309\Documents\Flixter\src\main.js
FN:14,(anonymous_0)
FNF:1
FNH:0
FNDA:0,(anonymous_0)
DA:9,0
DA:11,0
DA:14,0
LF:3
LH:0
BRF:0
BRH:0
end_of_record
TN:
SF:C:\Users\C73309\Documents\Flixter\src\components\Card.vue
FNF:0
FNH:0
DA:19,1
LF:1
LH:1
BRF:0
BRH:0
end_of_record
TN:
SF:C:\Users\C73309\Documents\Flixter\src\components\Header.vue
FNF:0
FNH:0
DA:16,0
LF:1
LH:0
BRF:0
BRH:0
end_of_record
TN:
SF:C:\Users\C73309\Documents\Flixter\src\components\SearchOverlay.vue
FN:48,(anonymous_1)
FN:65,(anonymous_2)
FNF:2
FNH:0
FNDA:0,(anonymous_1)
FNDA:0,(anonymous_2)
DA:40,0
DA:41,0
DA:49,0
DA:66,0
DA:67,0
LF:5
LH:0
BRF:0
BRH:0
end_of_record
TN:
SF:C:\Users\C73309\Documents\Flixter\src\plugins\bootstrap-vue.js
FNF:0
FNH:0
DA:7,0
LF:1
LH:0
BRF:0
BRH:0
end_of_record
TN:
SF:C:\Users\C73309\Documents\Flixter\src\router\index.js
FN:16,(anonymous_0)
FN:17,(anonymous_1)
FNF:2
FNH:0
FNDA:0,(anonymous_0)
FNDA:0,(anonymous_1)
DA:5,0
DA:7,0
DA:16,0
DA:18,0
DA:19,0
DA:20,0
DA:25,0
LF:7
LH:0
BRF:0
BRH:0
end_of_record
TN:
SF:C:\Users\C73309\Documents\Flixter\src\services\index.js
FN:7,getAllShows
FN:10,(anonymous_1)
FN:13,(anonymous_2)
FN:19,getSingleShow
FN:22,(anonymous_4)
FN:25,(anonymous_5)
FN:31,getSearchedQuery
FN:34,(anonymous_7)
FN:37,(anonymous_8)
FNF:9
FNH:2
FNDA:1,getAllShows
FNDA:1,(anonymous_1)
FNDA:0,(anonymous_2)
FNDA:0,getSingleShow
FNDA:0,(anonymous_4)
FNDA:0,(anonymous_5)
FNDA:0,getSearchedQuery
FNDA:0,(anonymous_7)
FNDA:0,(anonymous_8)
DA:3,2
DA:9,1
DA:11,1
DA:14,0
DA:16,1
DA:21,0
DA:23,0
DA:26,0
DA:28,0
DA:33,0
DA:35,0
DA:38,0
DA:40,0
LF:13
LH:4
BRF:0
BRH:0
end_of_record
TN:
SF:C:\Users\C73309\Documents\Flixter\src\store\index.js
FN:16,(anonymous_0)
FN:17,(anonymous_1)
FN:18,(anonymous_2)
FN:19,(anonymous_3)
FN:20,(anonymous_4)
FN:24,(anonymous_5)
FN:27,(anonymous_6)
FN:30,(anonymous_7)
FN:33,(anonymous_8)
FN:36,(anonymous_9)
FN:42,(anonymous_10)
FN:44,(anonymous_11)
FN:48,(anonymous_12)
FN:50,(anonymous_13)
FN:53,(anonymous_14)
FN:56,(anonymous_15)
FN:60,(anonymous_16)
FN:63,(anonymous_17)
FNF:18
FNH:10
FNDA:1,(anonymous_0)
FNDA:1,(anonymous_1)
FNDA:1,(anonymous_2)
FNDA:1,(anonymous_3)
FNDA:1,(anonymous_4)
FNDA:0,(anonymous_5)
FNDA:0,(anonymous_6)
FNDA:0,(anonymous_7)
FNDA:0,(anonymous_8)
FNDA:0,(anonymous_9)
FNDA:1,(anonymous_10)
FNDA:4,(anonymous_11)
FNDA:0,(anonymous_12)
FNDA:0,(anonymous_13)
FNDA:0,(anonymous_14)
FNDA:1,(anonymous_15)
FNDA:1,(anonymous_16)
FNDA:1,(anonymous_17)
DA:5,1
DA:7,1
DA:15,1
DA:16,1
DA:17,1
DA:18,1
DA:19,1
DA:20,1
DA:23,1
DA:25,0
DA:28,0
DA:31,0
DA:34,0
DA:37,0
DA:41,1
DA:43,1
DA:44,1
DA:45,4
DA:46,1
DA:49,0
DA:50,0
DA:51,0
DA:53,0
DA:54,0
DA:57,1
DA:58,1
DA:61,1
DA:64,1
DA:65,1
LF:29
LH:19
BRDA:45,0,0,2
BRDA:45,0,1,2
BRF:2
BRH:2
end_of_record
TN:
SF:C:\Users\C73309\Documents\Flixter\src\views\Home.vue
FN:29,(anonymous_1)
FN:44,(anonymous_2)
FN:45,(anonymous_3)
FNF:3
FNH:3
FNDA:1,(anonymous_1)
FNDA:1,(anonymous_2)
FNDA:12,(anonymous_3)
DA:21,1
DA:22,1
DA:30,1
DA:31,1
DA:45,13
DA:47,1
LF:6
LH:6
BRF:0
BRH:0
end_of_record
TN:
SF:C:\Users\C73309\Documents\Flixter\src\views\ShowDetails.vue
FN:39,(anonymous_1)
FNF:1
FNH:1
FNDA:1,(anonymous_1)
DA:31,1
DA:40,1
LF:2
LH:2
BRF:0
BRH:0
end_of_record
